<?xml version="1.0" encoding="UTF-8" ?>
<testsuite failures="2" time="0.62" errors="0" skipped="0" tests="8" name="KauppaTest">
  <properties>
[...]
</properties>
  <testcase time="0.505" classname="KauppaTest" name="ostaKaksiEriTuotettaYksiLoppu"/>
  <testcase time="0.001" classname="KauppaTest" name="aloitaAsiointiNollaaHinnan"/>
  <testcase time="0.002" classname="KauppaTest" name="hakeeUudenViiteNumeron"/>
  <testcase time="0.019" classname="KauppaTest" name="koristaPoistaminenToimii">
    <failure message="
Argument(s) are different! Wanted:
pankki.tilisiirto(
    &quot;pekka&quot;,
    42,
    &quot;12345&quot;,
    &quot;33333-44455&quot;,
    5
);
-&gt; at KauppaTest.koristaPoistaminenToimii(KauppaTest.java:270)
Actual invocation has different arguments:
pankki.tilisiirto(
    &quot;pekka&quot;,
    42,
    &quot;12345&quot;,
    &quot;33333-44455&quot;,
    10
);
-&gt; at ohtu.verkkokauppa.Kauppa.tilimaksu(Kauppa.java:39)
" type="Argument(s) are different! Wanted">Argument(s) are different! Wanted:
pankki.tilisiirto(
    &quot;pekka&quot;,
    42,
    &quot;12345&quot;,
    &quot;33333-44455&quot;,
    5
);
-&gt; at KauppaTest.koristaPoistaminenToimii(KauppaTest.java:270)
Actual invocation has different arguments:
pankki.tilisiirto(
    &quot;pekka&quot;,
    42,
    &quot;12345&quot;,
    &quot;33333-44455&quot;,
    10
);
-&gt; at ohtu.verkkokauppa.Kauppa.tilimaksu(Kauppa.java:39)

	at sun.reflect.NativeConstructorAccessorImpl.newInstance0(Native Method)
	at sun.reflect.NativeConstructorAccessorImpl.newInstance(NativeConstructorAccessorImpl.java:57)
	at sun.reflect.DelegatingConstructorAccessorImpl.newInstance(DelegatingConstructorAccessorImpl.java:45)
	at java.lang.reflect.Constructor.newInstance(Constructor.java:526)
	at KauppaTest.koristaPoistaminenToimii(KauppaTest.java:270)
	at sun.reflect.NativeMethodAccessorImpl.invoke0(Native Method)
	at sun.reflect.NativeMethodAccessorImpl.invoke(NativeMethodAccessorImpl.java:57)
	at sun.reflect.DelegatingMethodAccessorImpl.invoke(DelegatingMethodAccessorImpl.java:43)
	at java.lang.reflect.Method.invoke(Method.java:606)
	at org.junit.runners.model.FrameworkMethod$1.runReflectiveCall(FrameworkMethod.java:45)
	at org.junit.internal.runners.model.ReflectiveCallable.run(ReflectiveCallable.java:15)
	at org.junit.runners.model.FrameworkMethod.invokeExplosively(FrameworkMethod.java:42)
	at org.junit.internal.runners.statements.InvokeMethod.evaluate(InvokeMethod.java:20)
	at org.junit.internal.runners.statements.RunBefores.evaluate(RunBefores.java:28)
	at org.junit.internal.runners.statements.RunAfters.evaluate(RunAfters.java:30)
	at org.junit.runners.ParentRunner.runLeaf(ParentRunner.java:263)
	at org.junit.runners.BlockJUnit4ClassRunner.runChild(BlockJUnit4ClassRunner.java:68)
	at org.junit.runners.BlockJUnit4ClassRunner.runChild(BlockJUnit4ClassRunner.java:47)
	at org.junit.runners.ParentRunner$3.run(ParentRunner.java:231)
	at org.junit.runners.ParentRunner$1.schedule(ParentRunner.java:60)
	at org.junit.runners.ParentRunner.runChildren(ParentRunner.java:229)
	at org.junit.runners.ParentRunner.access$000(ParentRunner.java:50)
	at org.junit.runners.ParentRunner$2.evaluate(ParentRunner.java:222)
	at org.junit.internal.runners.statements.RunBefores.evaluate(RunBefores.java:28)
	at org.junit.internal.runners.statements.RunAfters.evaluate(RunAfters.java:30)
	at org.junit.runners.ParentRunner.run(ParentRunner.java:300)
	at org.apache.maven.surefire.junit4.JUnit4TestSet.execute(JUnit4TestSet.java:53)
	at org.apache.maven.surefire.junit4.JUnit4Provider.executeTestSet(JUnit4Provider.java:123)
	at org.apache.maven.surefire.junit4.JUnit4Provider.invoke(JUnit4Provider.java:104)
	at sun.reflect.NativeMethodAccessorImpl.invoke0(Native Method)
	at sun.reflect.NativeMethodAccessorImpl.invoke(NativeMethodAccessorImpl.java:57)
	at sun.reflect.DelegatingMethodAccessorImpl.invoke(DelegatingMethodAccessorImpl.java:43)
	at java.lang.reflect.Method.invoke(Method.java:606)
	at org.apache.maven.surefire.util.ReflectionUtils.invokeMethodWithArray(ReflectionUtils.java:164)
	at org.apache.maven.surefire.booter.ProviderFactory$ProviderProxy.invoke(ProviderFactory.java:110)
	at org.apache.maven.surefire.booter.SurefireStarter.invokeProvider(SurefireStarter.java:175)
	at org.apache.maven.surefire.booter.SurefireStarter.runSuitesInProcessWhenForked(SurefireStarter.java:107)
	at org.apache.maven.surefire.booter.ForkedBooter.main(ForkedBooter.java:68)
</failure>
  </testcase>
  <testcase time="0" classname="KauppaTest" name="ostoksenPaaytyttyaPankinMetodiaTilisiirtoKutsutaan"/>
  <testcase time="0.001" classname="KauppaTest" name="tilinsiirotKutsutaanOikein"/>
  <testcase time="0.002" classname="KauppaTest" name="ostaKaksiEriTuotetta"/>
  <testcase time="0.015" classname="KauppaTest" name="ostaKaksiSamaaTuotetta">
    <failure message="
Wanted but not invoked:
pankki.tilisiirto(
    &quot;pekka&quot;,
    42,
    &quot;12345&quot;,
    &quot;33333-44455&quot;,
    10
);
-&gt; at KauppaTest.ostaKaksiSamaaTuotetta(KauppaTest.java:149)

However, there were other interactions with this mock:
-&gt; at ohtu.verkkokauppa.Kauppa.tilimaksu(Kauppa.java:39)
" type="Wanted but not invoked">Wanted but not invoked:
pankki.tilisiirto(
    &quot;pekka&quot;,
    42,
    &quot;12345&quot;,
    &quot;33333-44455&quot;,
    10
);
-&gt; at KauppaTest.ostaKaksiSamaaTuotetta(KauppaTest.java:149)

However, there were other interactions with this mock:
-&gt; at ohtu.verkkokauppa.Kauppa.tilimaksu(Kauppa.java:39)

	at KauppaTest.ostaKaksiSamaaTuotetta(KauppaTest.java:149)
	at sun.reflect.NativeMethodAccessorImpl.invoke0(Native Method)
	at sun.reflect.NativeMethodAccessorImpl.invoke(NativeMethodAccessorImpl.java:57)
	at sun.reflect.DelegatingMethodAccessorImpl.invoke(DelegatingMethodAccessorImpl.java:43)
	at java.lang.reflect.Method.invoke(Method.java:606)
	at org.junit.runners.model.FrameworkMethod$1.runReflectiveCall(FrameworkMethod.java:45)
	at org.junit.internal.runners.model.ReflectiveCallable.run(ReflectiveCallable.java:15)
	at org.junit.runners.model.FrameworkMethod.invokeExplosively(FrameworkMethod.java:42)
	at org.junit.internal.runners.statements.InvokeMethod.evaluate(InvokeMethod.java:20)
	at org.junit.internal.runners.statements.RunBefores.evaluate(RunBefores.java:28)
	at org.junit.internal.runners.statements.RunAfters.evaluate(RunAfters.java:30)
	at org.junit.runners.ParentRunner.runLeaf(ParentRunner.java:263)
	at org.junit.runners.BlockJUnit4ClassRunner.runChild(BlockJUnit4ClassRunner.java:68)
	at org.junit.runners.BlockJUnit4ClassRunner.runChild(BlockJUnit4ClassRunner.java:47)
	at org.junit.runners.ParentRunner$3.run(ParentRunner.java:231)
	at org.junit.runners.ParentRunner$1.schedule(ParentRunner.java:60)
	at org.junit.runners.ParentRunner.runChildren(ParentRunner.java:229)
	at org.junit.runners.ParentRunner.access$000(ParentRunner.java:50)
	at org.junit.runners.ParentRunner$2.evaluate(ParentRunner.java:222)
	at org.junit.internal.runners.statements.RunBefores.evaluate(RunBefores.java:28)
	at org.junit.internal.runners.statements.RunAfters.evaluate(RunAfters.java:30)
	at org.junit.runners.ParentRunner.run(ParentRunner.java:300)
	at org.apache.maven.surefire.junit4.JUnit4TestSet.execute(JUnit4TestSet.java:53)
	at org.apache.maven.surefire.junit4.JUnit4Provider.executeTestSet(JUnit4Provider.java:123)
	at org.apache.maven.surefire.junit4.JUnit4Provider.invoke(JUnit4Provider.java:104)
	at sun.reflect.NativeMethodAccessorImpl.invoke0(Native Method)
	at sun.reflect.NativeMethodAccessorImpl.invoke(NativeMethodAccessorImpl.java:57)
	at sun.reflect.DelegatingMethodAccessorImpl.invoke(DelegatingMethodAccessorImpl.java:43)
	at java.lang.reflect.Method.invoke(Method.java:606)
	at org.apache.maven.surefire.util.ReflectionUtils.invokeMethodWithArray(ReflectionUtils.java:164)
	at org.apache.maven.surefire.booter.ProviderFactory$ProviderProxy.invoke(ProviderFactory.java:110)
	at org.apache.maven.surefire.booter.SurefireStarter.invokeProvider(SurefireStarter.java:175)
	at org.apache.maven.surefire.booter.SurefireStarter.runSuitesInProcessWhenForked(SurefireStarter.java:107)
	at org.apache.maven.surefire.booter.ForkedBooter.main(ForkedBooter.java:68)
</failure>
  </testcase>
</testsuite>